<?xml version="1.0" encoding="UTF-8"?>
<!-- Generated by org.testng.reporters.JUnitReportReporter -->
<testsuite skipped="0" hostname="skynet" name="smoketests.PageLogoTestNG" tests="1" failures="0" timestamp="2020-03-30T13:55:33 EDT" time="6.872" errors="0">
  <testcase name="logoTest" time="6.872" classname="smoketests.PageLogoTestNG"/>
  <system-out/>
</testsuite> <!-- smoketests.PageLogoTestNG -->
