<?xml version="1.0" encoding="UTF-8"?>
<!-- Generated by org.testng.reporters.JUnitReportReporter -->
<testsuite skipped="0" hostname="skynet" name="smoketests.LinksTest" tests="1" failures="0" timestamp="2020-03-30T13:55:33 EDT" time="7.376" errors="0">
  <testcase name="gmailLinkTest" time="7.376" classname="smoketests.LinksTest"/>
  <system-out/>
</testsuite> <!-- smoketests.LinksTest -->
