<?xml version="1.0" encoding="UTF-8"?>
<!-- Generated by org.testng.reporters.JUnitReportReporter -->
<testsuite skipped="0" hostname="skynet" name="smoketests.NewTest" tests="1" failures="0" timestamp="2020-03-30T13:30:20 EDT" time="7.265" errors="0">
  <testcase name="loginElementsPresentTest" time="7.265" classname="smoketests.NewTest"/>
  <system-out/>
</testsuite> <!-- smoketests.NewTest -->
